<?xml version="1.0" encoding="UTF-8"?>
<testsuite xmlns:xsi="http://www.w3.org/2001/XMLSchema-instance" xsi:noNamespaceSchemaLocation="https://maven.apache.org/surefire/maven-surefire-plugin/xsd/surefire-test-report-3.0.xsd" version="3.0" name="TestSuite" time="28.605" tests="10" errors="0" skipped="0" failures="0">
  <properties>
[...]
</properties>
  <testcase name="testingLogin[valid, standard_user, secret_sauce](1)" classname="com.swagLabs.swagLabs" time="1.444">
    <system-err><![CDATA[SLF4J: Failed to load class "org.slf4j.impl.StaticLoggerBinder".
SLF4J: Defaulting to no-operation (NOP) logger implementation
SLF4J: See http://www.slf4j.org/codes.html#StaticLoggerBinder for further details.
Starting Microsoft Edge WebDriver 113.0.1774.42 (881f341807652d12d315d777648a97d88e1ff425) on port 62765
To submit feedback, report a bug, or suggest new features, please visit https://github.com/MicrosoftEdge/EdgeWebDriver

Only local connections are allowed.
Please see https://aka.ms/WebDriverSecurity for suggestions on keeping Microsoft Edge WebDriver safe.

Microsoft Edge WebDriver was started successfully.
May 15, 2023 12:13:47 PM org.openqa.selenium.remote.ProtocolHandshake createSession
INFO: Detected upstream dialect: W3C
May 15, 2023 12:13:47 PM org.openqa.selenium.devtools.CdpVersionFinder findNearestMatch
WARNING: Unable to find an exact match for CDP version 113, so returning the closest version found: a no-op implementation
May 15, 2023 12:13:47 PM org.openqa.selenium.devtools.CdpVersionFinder findNearestMatch
INFO: Unable to find CDP implementation matching 113.
May 15, 2023 12:13:47 PM org.openqa.selenium.chromium.ChromiumDriver lambda$new$3
WARNING: Unable to find version of CDP to use for . You may need to include a dependency on a specific version of the CDP using something similar to `org.seleniumhq.selenium:selenium-devtools-v86:4.5.0` where the version ("v86") matches the version of the chromium-based browser you're using and the version number of the artifact is the same as Selenium's.
]]></system-err>
  </testcase>
  <testcase name="testingLogin[invalid, something, standard_user](2)" classname="com.swagLabs.swagLabs" time="1.207"/>
  <testcase name="testingLogin[invalidu, , hello](3)" classname="com.swagLabs.swagLabs" time="0.526"/>
  <testcase name="testingLogin[valid, performance_glitch_user, secret_sauce](4)" classname="com.swagLabs.swagLabs" time="5.783"/>
  <testcase name="testingLogin[invalidp, something, ](5)" classname="com.swagLabs.swagLabs" time="0.467"/>
  <testcase name="testingLogin[invalidu, , ](6)" classname="com.swagLabs.swagLabs" time="0.427"/>
  <testcase name="verifyLogoOnHomepage" classname="com.swagLabs.swagLabs" time="0.715"/>
  <testcase name="verifyHamburgerMenu" classname="com.swagLabs.swagLabs" time="1.002">
    <system-out><![CDATA[All Items
About
Logout
Reset App State
]]></system-out>
  </testcase>
  <testcase name="testingTheFilterSorting" classname="com.swagLabs.swagLabs" time="1.057"/>
  <testcase name="verifyProductsOnHomepage" classname="com.swagLabs.swagLabs" time="1.247"/>
</testsuite>