<?xml version="1.0" encoding="UTF-8"?>
<!-- Generated by org.testng.reporters.JUnitXMLReporter -->
<testsuite ignored="0" hostname="DESKTOP-KU0MUL7" failures="0" tests="10" name="Test" time="24.866" errors="0" timestamp="2023-05-15T12:41:04 IST">
  <testcase classname="com.swagLabs.swagLabs" name="testingLogin" time="1.189"/>
  <testcase classname="com.swagLabs.swagLabs" name="testingLogin" time="0.544"/>
  <testcase classname="com.swagLabs.swagLabs" name="testingLogin" time="0.397"/>
  <testcase classname="com.swagLabs.swagLabs" name="testingLogin" time="5.671"/>
  <testcase classname="com.swagLabs.swagLabs" name="testingLogin" time="0.435"/>
  <testcase classname="com.swagLabs.swagLabs" name="testingLogin" time="0.361"/>
  <testcase classname="com.swagLabs.swagLabs" name="verifyLogoOnHomepage" time="0.661"/>
  <testcase classname="com.swagLabs.swagLabs" name="verifyHamburgerMenu" time="0.827"/>
  <testcase classname="com.swagLabs.swagLabs" name="testingTheFilterSorting" time="0.844"/>
  <testcase classname="com.swagLabs.swagLabs" name="verifyProductsOnHomepage" time="0.992"/>
</testsuite> <!-- Test -->
