<?xml version="1.0" encoding="UTF-8"?>
<!-- Generated by org.testng.reporters.JUnitXMLReporter -->
<testsuite ignored="0" hostname="DESKTOP-KU0MUL7" failures="0" tests="10" name="Test" time="27.01" errors="0" timestamp="2023-05-15T12:14:07 IST">
  <testcase classname="com.swagLabs.swagLabs" name="testingLogin" time="2.404"/>
  <testcase classname="com.swagLabs.swagLabs" name="testingLogin" time="1.196"/>
  <testcase classname="com.swagLabs.swagLabs" name="testingLogin" time="0.533"/>
  <testcase classname="com.swagLabs.swagLabs" name="testingLogin" time="5.781"/>
  <testcase classname="com.swagLabs.swagLabs" name="testingLogin" time="0.468"/>
  <testcase classname="com.swagLabs.swagLabs" name="testingLogin" time="0.428"/>
  <testcase classname="com.swagLabs.swagLabs" name="verifyLogoOnHomepage" time="0.714"/>
  <testcase classname="com.swagLabs.swagLabs" name="verifyHamburgerMenu" time="1.002"/>
  <testcase classname="com.swagLabs.swagLabs" name="testingTheFilterSorting" time="1.061"/>
  <testcase classname="com.swagLabs.swagLabs" name="verifyProductsOnHomepage" time="1.247"/>
</testsuite> <!-- Test -->
