<?xml version="1.0" encoding="UTF-8"?>
<!-- Generated by org.testng.reporters.JUnitXMLReporter -->
<testsuite ignored="0" hostname="DESKTOP-KU0MUL7" failures="0" tests="10" name="Default test" time="15.236" errors="0" timestamp="2023-05-14T19:09:16 IST">
  <testcase classname="com.swagLabs.swagLabs" name="testingLogin" time="0.605"/>
  <testcase classname="com.swagLabs.swagLabs" name="testingLogin" time="0.28"/>
  <testcase classname="com.swagLabs.swagLabs" name="testingLogin" time="0.235"/>
  <testcase classname="com.swagLabs.swagLabs" name="testingLogin" time="5.369"/>
  <testcase classname="com.swagLabs.swagLabs" name="testingLogin" time="0.222"/>
  <testcase classname="com.swagLabs.swagLabs" name="testingLogin" time="0.203"/>
  <testcase classname="com.swagLabs.swagLabs" name="verifyLogoOnHomepage" time="0.31"/>
  <testcase classname="com.swagLabs.swagLabs" name="verifyHamburgerMenu" time="0.437"/>
  <testcase classname="com.swagLabs.swagLabs" name="testingTheFilterSorting" time="0.458"/>
  <testcase classname="com.swagLabs.swagLabs" name="verifyProductsOnHomepage" time="0.591"/>
</testsuite> <!-- Default test -->
